[2025-01-13 21:07:57] Processed 3 items. Offset is now 3.
[2025-01-13 21:07:57] Cron update_post_titles has been completed.
[2025-01-13 21:08:28] Cron update_post_titles has already been completed
[2025-01-13 21:20:49] Cron update_post_titles has already been completed
[2025-01-13 21:22:07] The state has been reset.
[2025-01-13 21:22:24] Total count calculated: 3
[2025-01-13 21:22:24] Processed 3 of 3 items. Offset is now 3.
[2025-01-13 21:22:24] Cron update_post_titles has been completed.
[2025-01-13 22:09:15] Cron update_post_titles has already been completed.
[2025-01-13 22:09:23] Cron update_post_titles has already been completed.
[2025-01-13 22:09:24] Cron update_post_titles has already been completed.
[2025-01-13 22:10:58] Cron update_post_titles has already been completed.
[2025-01-13 22:35:41] The state has been reset.
[2025-01-13 22:35:48] Total count calculated: 3.
[2025-01-13 22:35:48] Processed 3 of 3 items. Offset is now 3.
[2025-01-13 22:35:48] Cron update_post_titles has been completed.
[2025-01-13 22:54:04] The state has been reset.
[2025-01-13 22:54:06] Total count calculated: 3.
[2025-01-13 22:54:06] Processed 3 of 3 items. Offset is now 3.
[2025-01-13 22:54:06] Cron update_post_titles has been completed.
[2025-01-13 22:56:28] The state has been reset.
[2025-01-13 22:56:32] Total count calculated: 3.
[2025-01-13 22:56:32] Processed 3 of 3 items. Offset is now 3.
[2025-01-13 22:56:32] Cron update_post_titles has been completed.
[2025-01-13 22:56:34] The state has been reset.
[2025-01-13 22:56:35] Total count calculated: 3.
[2025-01-13 22:56:35] Processed 3 of 3 items. Offset is now 3.
[2025-01-13 22:56:35] Cron update_post_titles has been completed.
[2025-01-13 22:56:39] The state has been reset.
[2025-01-13 22:56:40] Total count calculated: 3.
[2025-01-13 22:56:40] Processed 3 of 3 items. Offset is now 3.
[2025-01-13 22:56:40] Cron update_post_titles has been completed.
[2025-01-13 22:56:54] The state has been reset.
[2025-01-13 22:58:50] Total count calculated: 3.
[2025-01-13 22:58:50] Processed 3 of 3 items. Offset is now 3.
[2025-01-13 22:58:50] Cron update_post_titles has been completed.
[2025-01-13 23:17:51] The state has been reset.
[2025-01-13 23:17:53] Total count calculated: 3.
[2025-01-13 23:17:53] Processed 3 of 3 items. Offset is now 3.
[2025-01-13 23:17:53] Cron update_post_titles has been completed.
[2025-01-13 23:20:55] Cron update_post_titles has already been completed.
[2025-01-13 23:21:12] Cron update_post_titles has already been completed.
[2025-01-13 23:21:21] The state has been reset.
[2025-01-13 23:21:23] Total count calculated: 2.
[2025-01-13 23:21:23] Processed 2 of 2 items. Offset is now 2.
[2025-01-13 23:21:23] Cron update_post_titles has been completed.
